Start testing: Apr 22 23:59 MSK
----------------------------------------------------------
1/1 Testing: ValidTests
1/1 Test: ValidTests
Command: "/home/infrader-linux/code/leetcode/Valid_Parentheses/build/valid_test"
Directory: /home/infrader-linux/code/leetcode/Valid_Parentheses/build
"ValidTests" start time: Apr 22 23:59 MSK
Output:
----------------------------------------------------------
Running main() from /home/infrader-linux/code/leetcode/Valid_Parentheses/build/_deps/googletest-src/googletest/src/gtest_main.cc
[==========] Running 2 tests from 1 test suite.
[----------] Global test environment set-up.
[----------] 2 tests from ValidParenthesesTest
[ RUN      ] ValidParenthesesTest.BasicCases
[       OK ] ValidParenthesesTest.BasicCases (0 ms)
[ RUN      ] ValidParenthesesTest.EdgeCases
[       OK ] ValidParenthesesTest.EdgeCases (0 ms)
[----------] 2 tests from ValidParenthesesTest (0 ms total)

[----------] Global test environment tear-down
[==========] 2 tests from 1 test suite ran. (0 ms total)
[  PASSED  ] 2 tests.
<end of output>
Test time =   0.00 sec
----------------------------------------------------------
Test Passed.
"ValidTests" end time: Apr 22 23:59 MSK
"ValidTests" time elapsed: 00:00:00
----------------------------------------------------------

End testing: Apr 22 23:59 MSK
