<?xml version="1.0" encoding="UTF-8"?>
<Site BuildName="(empty)"
	BuildStamp="20260423-0119-Experimental"
	Name="(empty)"
	Generator="ctest-3.28.3"
	CompilerName=""
	CompilerVersion=""
	OSName="Linux"
	Hostname="infrader"
	OSRelease="6.17.0-22-generic"
	OSVersion="#22~24.04.1-Ubuntu SMP PREEMPT_DYNAMIC Thu Mar 26 15:25:54 UTC 2"
	OSPlatform="x86_64"
	Is64Bits="1"
	VendorString="AuthenticAMD"
	VendorID="Advanced Micro Devices"
	FamilyID="25"
	ModelID="33"
	ProcessorCacheSize="512"
	NumberOfLogicalCPU="16"
	NumberOfPhysicalCPU="8"
	TotalVirtualMemory="8191"
	TotalPhysicalMemory="32013"
	LogicalProcessorsPerPhysical="2"
	ProcessorClockFrequency="4712.3"
	>
	<Testing>
		<StartDateTime>Apr 23 06:16 MSK</StartDateTime>
		<StartTestTime>1776914160</StartTestTime>
		<TestList/>
		<EndDateTime>Apr 23 06:16 MSK</EndDateTime>
		<EndTestTime>1776914160</EndTestTime>
		<ElapsedMinutes>0</ElapsedMinutes>
	</Testing>
</Site>
