<?xml version="1.0" encoding="UTF-8"?>
<Site BuildName="(empty)"
	BuildStamp="20260511-1337-Experimental"
	Name="(empty)"
	Generator="ctest-3.28.3"
	CompilerName=""
	CompilerVersion=""
	OSName="Linux"
	Hostname="infrader"
	OSRelease="6.17.0-23-generic"
	OSVersion="#23~24.04.1-Ubuntu SMP PREEMPT_DYNAMIC Tue Apr 14 16:11:48 UTC 2"
	OSPlatform="x86_64"
	Is64Bits="1"
	VendorString="AuthenticAMD"
	VendorID="Advanced Micro Devices"
	FamilyID="25"
	ModelID="33"
	ProcessorCacheSize="512"
	NumberOfLogicalCPU="16"
	NumberOfPhysicalCPU="8"
	TotalVirtualMemory="8191"
	TotalPhysicalMemory="32013"
	LogicalProcessorsPerPhysical="2"
	ProcessorClockFrequency="4740.97"
	>
	<Testing>
		<StartDateTime>May 11 17:41 MSK</StartDateTime>
		<StartTestTime>1778510489</StartTestTime>
		<TestList/>
		<EndDateTime>May 11 17:41 MSK</EndDateTime>
		<EndTestTime>1778510489</EndTestTime>
		<ElapsedMinutes>0</ElapsedMinutes>
	</Testing>
</Site>
